<?xml version="1.0" encoding="UTF-8"?>
<testsuite name="br.com.dio.desafioreactor.Question3Test" tests="2" skipped="0" failures="0" errors="0" timestamp="2023-02-17T12:33:59" hostname="pop-os" time="0.065">
  <properties/>
  <testcase name="validUser()" classname="br.com.dio.desafioreactor.Question3Test" time="0.042"/>
  <testcase name="invalidUser()" classname="br.com.dio.desafioreactor.Question3Test" time="0.022"/>
  <system-out><![CDATA[]]></system-out>
  <system-err><![CDATA[]]></system-err>
</testsuite>
